
Circuit 1 cell sky130_fd_pr__nfet_01v8 and Circuit 2 cell sky130_fd_pr__nfet_01v8 are black boxes.
Equate elements:  no current cell.
Device classes sky130_fd_pr__nfet_01v8 and sky130_fd_pr__nfet_01v8 are equivalent.

Circuit 1 cell sky130_fd_pr__pfet_01v8 and Circuit 2 cell sky130_fd_pr__pfet_01v8 are black boxes.
Equate elements:  no current cell.
Device classes sky130_fd_pr__pfet_01v8 and sky130_fd_pr__pfet_01v8 are equivalent.

Class Output_stage.spice (0):  Merged 9 parallel devices.
Class LDS_Output_stage.spice (1):  Merged 9 parallel devices.
Subcircuit summary:
Circuit 1: Output_stage.spice              |Circuit 2: LDS_Output_stage.spice          
-------------------------------------------|-------------------------------------------
sky130_fd_pr__nfet_01v8 (14->9)            |sky130_fd_pr__nfet_01v8 (14->9)            
sky130_fd_pr__pfet_01v8 (16->12)           |sky130_fd_pr__pfet_01v8 (16->12)           
Number of devices: 21                      |Number of devices: 21                      
Number of nets: 17                         |Number of nets: 17                         
---------------------------------------------------------------------------------------
Resolving symmetries by property value.
Resolving symmetries by pin name.
Netlists match with 9 symmetries.
Cells have no pins;  pin matching not needed.
Device classes Output_stage.spice and LDS_Output_stage.spice are equivalent.

Final result: Circuits match uniquely.
.
